<?xml version="1.0" encoding="UTF-8"?>
<testsuite name="jp.ac.uryukyu.ie.e195706.EnemyTest" tests="1" skipped="0" failures="0" errors="0" timestamp="2019-12-19T09:07:13" hostname="shuunoMacBook-Air.local" time="0.018">
  <properties/>
  <testcase name="wounded()" classname="jp.ac.uryukyu.ie.e195706.EnemyTest" time="0.018"/>
  <system-out><![CDATA[]]></system-out>
  <system-err><![CDATA[]]></system-err>
</testsuite>
